<?xml version="1.0" encoding="UTF-8"?>
<!-- Generated by org.testng.reporters.JUnitReportReporter -->
<testsuite hostname="DESKTOP-IMTS92T" failures="0" tests="1" name="InventoryTests.AddLowestPriceProductToCartTest" time="5.913" errors="0" timestamp="2025-05-16T15:07:56 IST" skipped="0">
  <testcase classname="InventoryTests.AddLowestPriceProductToCartTest" name="tc_02_AddLowestPriceProductToCartTest" time="5.913"/>
  <system-out/>
</testsuite> <!-- InventoryTests.AddLowestPriceProductToCartTest -->
