<?xml version="1.0" encoding="UTF-8"?>
<!-- Generated by org.testng.reporters.JUnitReportReporter -->
<testsuite hostname="DESKTOP-IMTS92T" failures="0" tests="1" name="InventoryTests.AddProductToCartTest" time="2.048" errors="0" timestamp="2025-05-21T17:48:02 IST" skipped="0">
  <testcase classname="InventoryTests.AddProductToCartTest" name="tc_01_AddProductToCartTest" time="2.048"/>
  <system-out/>
</testsuite> <!-- InventoryTests.AddProductToCartTest -->
