<?xml version="1.0" encoding="UTF-8"?>
<!-- Generated by org.testng.reporters.JUnitReportReporter -->
<testsuite hostname="DESKTOP-IMTS92T" failures="0" tests="3" name="practice.TestNGPractise" time="0.023" errors="0" timestamp="2025-04-28T17:52:11 IST" skipped="0">
  <testcase classname="practice.TestNGPractise" name="CreateSample" time="0.003"/>
  <system-out/>
  <testcase classname="practice.TestNGPractise" name="CreateSample" time="0.018"/>
  <system-out/>
  <testcase classname="practice.TestNGPractise" name="CreateSample" time="0.002"/>
  <system-out/>
</testsuite> <!-- practice.TestNGPractise -->
